<?xml version="1.0" encoding="UTF-8"?>
<!-- Generated by org.testng.reporters.JUnitXMLReporter -->
<testsuite hostname="CHEWKS112751" ignored="0" name="Default test" tests="3" failures="0" timestamp="22 Jul 2019 10:07:19 GMT" time="46.257" errors="0">
  <testcase name="LoginPageTitleTestCase" time="0.031" classname="com.qa.crm.TestCase.LoginPageTestCase"/>
  <testcase name="crmImageTest" time="0.191" classname="com.qa.crm.TestCase.LoginPageTestCase"/>
  <testcase name="loginTest" time="6.579" classname="com.qa.crm.TestCase.LoginPageTestCase"/>
</testsuite> <!-- Default test -->
