<?xml version="1.0" encoding="UTF-8"?>
<!-- Generated by org.testng.reporters.JUnitXMLReporter -->
<testsuite hostname="CHEWKS112751" ignored="0" name="Test" tests="3" failures="0" timestamp="22 Jul 2019 06:01:13 GMT" time="0.037" errors="0">
  <testcase name="@BeforeMethod setup" time="0.005" classname="com.qa.crm.TestCase.LoginPageTestCase">
    <failure type="java.lang.NullPointerException">
      <![CDATA[java.lang.NullPointerException
	at com.qa.crm.TestBase.TestBase.initialization(TestBase.java:52)
	at com.qa.crm.TestCase.LoginPageTestCase.setup(LoginPageTestCase.java:25)
... Removed 27 stack frames]]>
    </failure>
  </testcase> <!-- @BeforeMethod setup -->
  <testcase name="@BeforeMethod setup" time="0.0" classname="com.qa.crm.TestCase.LoginPageTestCase">
    <skipped/>
  </testcase> <!-- @BeforeMethod setup -->
  <testcase name="@BeforeMethod setup" time="0.0" classname="com.qa.crm.TestCase.LoginPageTestCase">
    <skipped/>
  </testcase> <!-- @BeforeMethod setup -->
  <testcase name="loginTest" time="0.0" classname="com.qa.crm.TestCase.LoginPageTestCase">
    <skipped/>
  </testcase> <!-- loginTest -->
  <testcase name="LoginPageTitleTestCase" time="0.0" classname="com.qa.crm.TestCase.LoginPageTestCase">
    <skipped/>
  </testcase> <!-- LoginPageTitleTestCase -->
  <testcase name="crmImageTest" time="0.0" classname="com.qa.crm.TestCase.LoginPageTestCase">
    <skipped/>
  </testcase> <!-- crmImageTest -->
</testsuite> <!-- Test -->
