<?xml version="1.0" encoding="UTF-8"?>
<testng-results skipped="0" failed="0" ignored="0" total="3" passed="3">
  <reporter-output>
  </reporter-output>
  <suite name="Default suite" duration-ms="46257" started-at="2019-07-22T10:06:32Z" finished-at="2019-07-22T10:07:18Z">
    <groups>
    </groups>
    <test name="Default test" duration-ms="46257" started-at="2019-07-22T10:06:32Z" finished-at="2019-07-22T10:07:18Z">
      <class name="com.qa.crm.TestCase.LoginPageTestCase">
        <test-method status="PASS" signature="setUp()[pri:0, instance:com.qa.crm.TestCase.LoginPageTestCase@3aeaafa6]" name="setUp" is-config="true" duration-ms="13231" started-at="2019-07-22T10:06:32Z" finished-at="2019-07-22T10:06:45Z">
          <reporter-output>
          </reporter-output>
        </test-method> <!-- setUp -->
        <test-method status="PASS" signature="LoginPageTitleTestCase()[pri:1, instance:com.qa.crm.TestCase.LoginPageTestCase@3aeaafa6]" name="LoginPageTitleTestCase" duration-ms="31" started-at="2019-07-22T10:06:45Z" finished-at="2019-07-22T10:06:46Z">
          <reporter-output>
          </reporter-output>
        </test-method> <!-- LoginPageTitleTestCase -->
        <test-method status="PASS" signature="teardown()[pri:0, instance:com.qa.crm.TestCase.LoginPageTestCase@3aeaafa6]" name="teardown" is-config="true" duration-ms="920" started-at="2019-07-22T10:06:46Z" finished-at="2019-07-22T10:06:46Z">
          <reporter-output>
          </reporter-output>
        </test-method> <!-- teardown -->
        <test-method status="PASS" signature="setUp()[pri:0, instance:com.qa.crm.TestCase.LoginPageTestCase@3aeaafa6]" name="setUp" is-config="true" duration-ms="11551" started-at="2019-07-22T10:06:46Z" finished-at="2019-07-22T10:06:58Z">
          <reporter-output>
          </reporter-output>
        </test-method> <!-- setUp -->
        <test-method status="PASS" signature="crmImageTest()[pri:2, instance:com.qa.crm.TestCase.LoginPageTestCase@3aeaafa6]" name="crmImageTest" duration-ms="191" started-at="2019-07-22T10:06:58Z" finished-at="2019-07-22T10:06:58Z">
          <reporter-output>
          </reporter-output>
        </test-method> <!-- crmImageTest -->
        <test-method status="PASS" signature="teardown()[pri:0, instance:com.qa.crm.TestCase.LoginPageTestCase@3aeaafa6]" name="teardown" is-config="true" duration-ms="1001" started-at="2019-07-22T10:06:58Z" finished-at="2019-07-22T10:06:59Z">
          <reporter-output>
          </reporter-output>
        </test-method> <!-- teardown -->
        <test-method status="PASS" signature="setUp()[pri:0, instance:com.qa.crm.TestCase.LoginPageTestCase@3aeaafa6]" name="setUp" is-config="true" duration-ms="11807" started-at="2019-07-22T10:06:59Z" finished-at="2019-07-22T10:07:11Z">
          <reporter-output>
          </reporter-output>
        </test-method> <!-- setUp -->
        <test-method status="PASS" signature="loginTest()[pri:3, instance:com.qa.crm.TestCase.LoginPageTestCase@3aeaafa6]" name="loginTest" duration-ms="6579" started-at="2019-07-22T10:07:11Z" finished-at="2019-07-22T10:07:18Z">
          <reporter-output>
          </reporter-output>
        </test-method> <!-- loginTest -->
        <test-method status="PASS" signature="teardown()[pri:0, instance:com.qa.crm.TestCase.LoginPageTestCase@3aeaafa6]" name="teardown" is-config="true" duration-ms="911" started-at="2019-07-22T10:07:18Z" finished-at="2019-07-22T10:07:18Z">
          <reporter-output>
          </reporter-output>
        </test-method> <!-- teardown -->
      </class> <!-- com.qa.crm.TestCase.LoginPageTestCase -->
    </test> <!-- Default test -->
  </suite> <!-- Default suite -->
</testng-results>
